<?xml version="1.0" encoding="UTF-8"?>
<!-- Generated by org.testng.reporters.JUnitXMLReporter -->
<testsuite ignored="0" hostname="TYSS-Neha-C-Zutti" failures="0" tests="3" name="Default test" time="28.324" errors="0" timestamp="2024-05-28T16:17:23 IST">
  <testcase classname="com.comcast.crm.orgtest.CreateOrganization" name="CreateOrgWithPhoneNumber" time="7.227"/>
  <testcase classname="com.comcast.crm.orgtest.CreateOrganization" name="createOrgWithIndustry" time="5.5"/>
  <testcase classname="com.comcast.crm.orgtest.CreateOrganization" name="createOrganization" time="5.247"/>
</testsuite> <!-- Default test -->
