<?xml version="1.0" encoding="UTF-8"?>
<testng-results ignored="0" total="3" passed="3" failed="0" skipped="0">
  <reporter-output>
  </reporter-output>
  <suite started-at="2024-05-28T16:16:55 IST" name="Default suite" finished-at="2024-05-28T16:17:23 IST" duration-ms="28324">
    <groups>
    </groups>
    <test started-at="2024-05-28T16:16:55 IST" name="Default test" finished-at="2024-05-28T16:17:23 IST" duration-ms="28324">
      <class name="com.comcast.crm.orgtest.CreateOrganization">
        <test-method is-config="true" signature="configBS()[pri:0, instance:com.comcast.crm.orgtest.CreateOrganization@62ddbd7e]" started-at="2024-05-28T16:16:55 IST" name="configBS" finished-at="2024-05-28T16:16:55 IST" duration-ms="25" status="PASS">
          <reporter-output>
          </reporter-output>
        </test-method> <!-- configBS -->
        <test-method is-config="true" signature="configBC()[pri:0, instance:com.comcast.crm.orgtest.CreateOrganization@62ddbd7e]" started-at="2024-05-28T16:16:55 IST" name="configBC" finished-at="2024-05-28T16:16:56 IST" duration-ms="1620" status="PASS">
          <reporter-output>
          </reporter-output>
        </test-method> <!-- configBC -->
        <test-method is-config="true" signature="configBM()[pri:0, instance:com.comcast.crm.orgtest.CreateOrganization@62ddbd7e]" started-at="2024-05-28T16:16:56 IST" name="configBM" finished-at="2024-05-28T16:16:58 IST" duration-ms="2177" status="PASS">
          <reporter-output>
          </reporter-output>
        </test-method> <!-- configBM -->
        <test-method signature="CreateOrgWithPhoneNumber()[pri:0, instance:com.comcast.crm.orgtest.CreateOrganization@62ddbd7e]" started-at="2024-05-28T16:16:58 IST" name="CreateOrgWithPhoneNumber" finished-at="2024-05-28T16:17:06 IST" duration-ms="7227" status="PASS">
          <reporter-output>
          </reporter-output>
        </test-method> <!-- CreateOrgWithPhoneNumber -->
        <test-method is-config="true" signature="configAM()[pri:0, instance:com.comcast.crm.orgtest.CreateOrganization@62ddbd7e]" started-at="2024-05-28T16:17:06 IST" name="configAM" finished-at="2024-05-28T16:17:07 IST" duration-ms="1092" status="PASS">
          <reporter-output>
          </reporter-output>
        </test-method> <!-- configAM -->
        <test-method is-config="true" signature="configBM()[pri:0, instance:com.comcast.crm.orgtest.CreateOrganization@62ddbd7e]" started-at="2024-05-28T16:17:07 IST" name="configBM" finished-at="2024-05-28T16:17:09 IST" duration-ms="1780" status="PASS">
          <reporter-output>
          </reporter-output>
        </test-method> <!-- configBM -->
        <test-method signature="createOrgWithIndustry()[pri:0, instance:com.comcast.crm.orgtest.CreateOrganization@62ddbd7e]" started-at="2024-05-28T16:17:09 IST" name="createOrgWithIndustry" finished-at="2024-05-28T16:17:14 IST" duration-ms="5500" status="PASS">
          <reporter-output>
          </reporter-output>
        </test-method> <!-- createOrgWithIndustry -->
        <test-method is-config="true" signature="configAM()[pri:0, instance:com.comcast.crm.orgtest.CreateOrganization@62ddbd7e]" started-at="2024-05-28T16:17:14 IST" name="configAM" finished-at="2024-05-28T16:17:15 IST" duration-ms="955" status="PASS">
          <reporter-output>
          </reporter-output>
        </test-method> <!-- configAM -->
        <test-method is-config="true" signature="configBM()[pri:0, instance:com.comcast.crm.orgtest.CreateOrganization@62ddbd7e]" started-at="2024-05-28T16:17:15 IST" name="configBM" finished-at="2024-05-28T16:17:17 IST" duration-ms="1677" status="PASS">
          <reporter-output>
          </reporter-output>
        </test-method> <!-- configBM -->
        <test-method signature="createOrganization()[pri:0, instance:com.comcast.crm.orgtest.CreateOrganization@62ddbd7e]" started-at="2024-05-28T16:17:17 IST" name="createOrganization" finished-at="2024-05-28T16:17:22 IST" duration-ms="5247" status="PASS">
          <reporter-output>
          </reporter-output>
        </test-method> <!-- createOrganization -->
        <test-method is-config="true" signature="configAM()[pri:0, instance:com.comcast.crm.orgtest.CreateOrganization@62ddbd7e]" started-at="2024-05-28T16:17:22 IST" name="configAM" finished-at="2024-05-28T16:17:23 IST" duration-ms="883" status="PASS">
          <reporter-output>
          </reporter-output>
        </test-method> <!-- configAM -->
        <test-method is-config="true" signature="configAC()[pri:0, instance:com.comcast.crm.orgtest.CreateOrganization@62ddbd7e]" started-at="2024-05-28T16:17:23 IST" name="configAC" finished-at="2024-05-28T16:17:23 IST" duration-ms="134" status="PASS">
          <reporter-output>
          </reporter-output>
        </test-method> <!-- configAC -->
        <test-method is-config="true" signature="configAS()[pri:0, instance:com.comcast.crm.orgtest.CreateOrganization@62ddbd7e]" started-at="2024-05-28T16:17:23 IST" name="configAS" finished-at="2024-05-28T16:17:23 IST" duration-ms="0" status="PASS">
          <reporter-output>
          </reporter-output>
        </test-method> <!-- configAS -->
      </class> <!-- com.comcast.crm.orgtest.CreateOrganization -->
    </test> <!-- Default test -->
  </suite> <!-- Default suite -->
</testng-results>
